#
# A fatal error has been detected by the Java Runtime Environment:
#
#  SIGSEGV (0xb) at pc=0x00007fab5d513c54, pid=15956, tid=140373782701824
#
# JRE version: OpenJDK Runtime Environment (7.0_65-b32) (build 1.7.0_65-b32)
# Java VM: OpenJDK 64-Bit Server VM (24.65-b04 mixed mode linux-amd64 compressed oops)
# Derivative: IcedTea 2.5.2
# Distribution: Ubuntu 14.04 LTS, package 7u65-2.5.2-3~14.04
# Problematic frame:
# V  [libjvm.so+0x545c54]  STWGCTimer::register_gc_start(Ticks const&)+0x14
#
# Failed to write core dump. Core dumps have been disabled. To enable core dumping, try "ulimit -c unlimited" before starting Java again
#
# If you would like to submit a bug report, please include
# instructions on how to reproduce the bug and visit:
#   http://icedtea.classpath.org/bugzilla
#

---------------  T H R E A D  ---------------

Current thread (0x00007fab58077800):  VMThread [stack: 0x00007fab51642000,0x00007fab51743000] [id=15967]

siginfo:si_signo=SIGSEGV: si_errno=0, si_code=1 (SEGV_MAPERR), si_addr=0x0000000000000000

Registers:
RAX=0x0000000000000000, RBX=0x00007fab5ddb3260, RCX=0x0000000000000018, RDX=0x000000000005918d
RSP=0x00007fab517416c0, RBP=0x00007fab517416e0, RSI=0x00007fab51741970, RDI=0x00007fab5ddb3260
R8 =0x0000000000000000, R9 =0x0000000000000001, R10=0x000000005426bef5, R11=0x0000000000000002
R12=0x00007fab5ddc7960, R13=0x00007fab5801efe0, R14=0x0000000000000002, R15=0x000000000000000a
RIP=0x00007fab5d513c54, EFLAGS=0x0000000000010206, CSGSFS=0x0000000000000033, ERR=0x0000000000000006
  TRAPNO=0x000000000000000e

Top of Stack: (sp=0x00007fab517416c0)
0x00007fab517416c0:   000000005426bef5 00007fab5801a840
0x00007fab517416d0:   00007fab5ddc7960 00007fab5801efe0
0x00007fab517416e0:   00007fab51741a70 00007fab5d7fe38c
0x00007fab517416f0:   000000004f500000 0000000027100000
0x00007fab51741700:   0000000000000000 000000000000000a
0x00007fab51741710:   00007fab5801d370 0000000000000000
0x00007fab51741720:   0000000001e00000 0000000001e00000
0x00007fab51741730:   0000000027100000 00007fab5801d370
0x00007fab51741740:   00000000000003d8 0000000001e00000
0x00007fab51741750:   00007fab51741870 00007fab51741850
0x00007fab51741760:   00007fab51741930 00007fab51741900
0x00007fab51741770:   00007fab5802a428 00007fab5802a050
0x00007fab51741780:   00007fab5ddb1850 00007fab5dd8d3f0
0x00007fab51741790:   00007fab5dda936d 00007fab58077070
0x00007fab517417a0:   0000000000000000 00007fab5802a040
0x00007fab517417b0:   000000000001f2fc 00007fab5801f5c0
0x00007fab517417c0:   00007fab5ddb2910 00007fab5801d620
0x00007fab517417d0:   00007fab5801efe0 0000000a00000018
0x00007fab517417e0:   00007fab51741970 00007fab5801d6b0
0x00007fab517417f0:   0000000000000000 00000000000000bd
0x00007fab51741800:   00000000000001b2 000000000000031c
0x00007fab51741810:   0000000000244199 0000000000000000
0x00007fab51741820:   0000000000245d38 000000770000006e
0x00007fab51741830:   00000000002462f4 00007fab5174185f
0x00007fab51741840:   0000000000000000 0000000000000000
0x00007fab51741850:   0101010101010100 000000000000000a
0x00007fab51741860:   00007fab5dd77110 00007fab58075d90
0x00007fab51741870:   00007fab517419b0 0000000000000100
0x00007fab51741880:   0000000000000000 0000000000000000
0x00007fab51741890:   00007fab517418f0 0000000000000000
0x00007fab517418a0:   00007fab51741990 00007fab51741b30
0x00007fab517418b0:   00007fab51741b00 00007fab5d81916e 

Instructions: (pc=0x00007fab5d513c54)
0x00007fab5d513c34:   68 01 00 00 41 8b 34 24 eb 9f 66 90 55 48 89 e5
0x00007fab5d513c44:   41 55 41 54 53 48 89 fb 48 83 ec 08 48 8b 47 18
0x00007fab5d513c54:   c7 00 00 00 00 00 c7 47 34 00 00 00 00 48 c7 47
0x00007fab5d513c64:   38 00 00 00 00 48 c7 47 40 00 00 00 00 4c 8b 67 

Register to memory mapping:

RAX=0x0000000000000000 is an unknown value
RBX=